<?xml version="1.0" encoding="UTF-8"?>
<!-- Generated by org.testng.reporters.JUnitXMLReporter -->
<testsuite ignored="0" hostname="UnKnown-PC" failures="0" tests="10" name="Test" time="217.867" errors="0" timestamp="2021-10-10T19:18:12 EET">
  <testcase classname="Reg.Reg" name="Create_Acount_NLet_Nnum" time="7.225"/>
  <testcase classname="Reg.Reg" name="Create_Acount_NonLet_Nonnum" time="8.888"/>
  <testcase classname="Reg.Reg" name="Ex_Acount" time="0.722"/>
  <testcase classname="Login.Login" name="Log_vu_vp" time="3.045"/>
  <testcase classname="Login.Login" name="Log_ivu_vp" time="3.092"/>
  <testcase classname="Login.Login" name="Log_vu_ivp" time="2.314"/>
  <testcase classname="Login.Login" name="Log_ivu_ivp" time="2.596"/>
  <testcase classname="Login.Login" name="Log_eu_ep" time="1.651"/>
  <testcase classname="Login.Login" name="Log_nonu_nonp" time="3.744"/>
  <testcase classname="Login.Login" name="Log_forget" time="2.924"/>
</testsuite> <!-- Test -->
